  Using 'git status' to determine working set for adaptive non-unity build (C:\W22_The_Hex_Decimals).
  Target is up to date
  Total execution time: 0,74 seconds

Project Performance Summary:
      874 ms  C:\W22_The_Hex_Decimals\PostArcana\Intermediate\ProjectFiles\PostArcana.vcxproj   1 calls
                874 ms  Build                                      1 calls

Target Performance Summary:
        0 ms  GetReferenceAssemblyPaths                  1 calls
        0 ms  ResolveAssemblyReferences                  1 calls
        0 ms  ExpandSDKReferences                        1 calls
        0 ms  ResolveSDKReferences                       1 calls
        0 ms  PrepareForBuild                            1 calls
        0 ms  GetFrameworkPaths                          1 calls
        0 ms  AfterResolveReferences                     1 calls
        0 ms  ResolveProjectReferences                   1 calls
        0 ms  GetTargetPath                              1 calls
        0 ms  _AddOutputPathToGlobalPropertiesToRemove   1 calls
        0 ms  _SplitProjectReferencesByFileExistence     1 calls
        0 ms  BeforeResolveReferences                    1 calls
        0 ms  PrepareProjectReferences                   1 calls
        0 ms  ResolveReferences                          1 calls
        1 ms  _CheckForInvalidConfigurationAndPlatform   1 calls
        1 ms  PrepareForNMakeBuild                       1 calls
        1 ms  SetCABuildNativeEnvironmentVariables       1 calls
        1 ms  AssignProjectConfiguration                 1 calls
        1 ms  SetBuildDefaultEnvironmentVariables        1 calls
        1 ms  GetTargetPathWithTargetPlatformMoniker     1 calls
        2 ms  _GetProjectReferenceTargetFrameworkProperties   1 calls
      864 ms  Build                                      1 calls

Task Performance Summary:
        0 ms  MakeDir                                    2 calls
        0 ms  AssignProjectConfiguration                 1 calls
        0 ms  MSBuild                                    1 calls
        0 ms  FindAppConfigFile                          1 calls
        1 ms  Message                                    2 calls
        1 ms  SetEnv                                     5 calls
      864 ms  Exec                                       1 calls
